{"C:\\Projects\\final-smm-express\\config\\dbConn.js": {"path":"C:\\Projects\\final-smm-express\\config\\dbConn.js","statementMap":{"0":{"start":{"line":1,"column":18},"end":{"line":1,"column":38}},"1":{"start":{"line":2,"column":15},"end":{"line":2,"column":32}},"2":{"start":{"line":3,"column":0},"end":{"line":3,"column":16}},"3":{"start":{"line":4,"column":16},"end":{"line":4,"column":36}},"4":{"start":{"line":7,"column":0},"end":{"line":20,"column":1}},"5":{"start":{"line":8,"column":2},"end":{"line":8,"column":48}},"6":{"start":{"line":10,"column":2},"end":{"line":19,"column":4}},"7":{"start":{"line":22,"column":0},"end":{"line":22,"column":28}}},"fnMap":{},"branchMap":{"0":{"loc":{"start":{"line":7,"column":0},"end":{"line":20,"column":1}},"type":"if","locations":[{"start":{"line":7,"column":0},"end":{"line":20,"column":1}},{"start":{"line":7,"column":0},"end":{"line":20,"column":1}}],"line":7}},"s":{"0":9,"1":9,"2":9,"3":9,"4":9,"5":0,"6":9,"7":9},"f":{},"b":{"0":[0,9]},"_coverageSchema":"1a1c01bbd47fc00a2c39e90264f33305004495a9","hash":"c3a1eb34c56b9104f6a36e17c1f5cea51f00d4ee"}
,"C:\\Projects\\final-smm-express\\src\\controllers\\admin.controller.js": {"path":"C:\\Projects\\final-smm-express\\src\\controllers\\admin.controller.js","statementMap":{"0":{"start":{"line":1,"column":17},"end":{"line":36,"column":1}},"1":{"start":{"line":2,"column":2},"end":{"line":35,"column":3}},"2":{"start":{"line":3,"column":17},"end":{"line":3,"column":32}},"3":{"start":{"line":4,"column":15},"end":{"line":4,"column":27}},"4":{"start":{"line":7,"column":4},"end":{"line":28,"column":5}},"5":{"start":{"line":9,"column":8},"end":{"line":9,"column":52}},"6":{"start":{"line":10,"column":8},"end":{"line":10,"column":14}},"7":{"start":{"line":13,"column":8},"end":{"line":13,"column":48}},"8":{"start":{"line":14,"column":8},"end":{"line":14,"column":14}},"9":{"start":{"line":17,"column":8},"end":{"line":17,"column":51}},"10":{"start":{"line":18,"column":8},"end":{"line":18,"column":14}},"11":{"start":{"line":21,"column":8},"end":{"line":22,"column":20}},"12":{"start":{"line":21,"column":16},"end":{"line":21,"column":67}},"13":{"start":{"line":22,"column":13},"end":{"line":22,"column":20}},"14":{"start":{"line":23,"column":8},"end":{"line":23,"column":14}},"15":{"start":{"line":26,"column":8},"end":{"line":26,"column":15}},"16":{"start":{"line":27,"column":8},"end":{"line":27,"column":14}},"17":{"start":{"line":29,"column":4},"end":{"line":31,"column":5}},"18":{"start":{"line":30,"column":6},"end":{"line":30,"column":23}},"19":{"start":{"line":33,"column":4},"end":{"line":33,"column":20}},"20":{"start":{"line":34,"column":4},"end":{"line":34,"column":39}},"21":{"start":{"line":38,"column":0},"end":{"line":38,"column":30}}},"fnMap":{"0":{"name":"(anonymous_0)","decl":{"start":{"line":1,"column":17},"end":{"line":1,"column":18}},"loc":{"start":{"line":1,"column":52},"end":{"line":36,"column":1}},"line":1}},"branchMap":{"0":{"loc":{"start":{"line":7,"column":4},"end":{"line":28,"column":5}},"type":"switch","locations":[{"start":{"line":8,"column":6},"end":{"line":10,"column":14}},{"start":{"line":12,"column":6},"end":{"line":14,"column":14}},{"start":{"line":16,"column":6},"end":{"line":18,"column":14}},{"start":{"line":20,"column":6},"end":{"line":23,"column":14}},{"start":{"line":25,"column":6},"end":{"line":27,"column":14}}],"line":7},"1":{"loc":{"start":{"line":21,"column":8},"end":{"line":22,"column":20}},"type":"if","locations":[{"start":{"line":21,"column":8},"end":{"line":22,"column":20}},{"start":{"line":21,"column":8},"end":{"line":22,"column":20}}],"line":21},"2":{"loc":{"start":{"line":29,"column":4},"end":{"line":31,"column":5}},"type":"if","locations":[{"start":{"line":29,"column":4},"end":{"line":31,"column":5}},{"start":{"line":29,"column":4},"end":{"line":31,"column":5}}],"line":29}},"s":{"0":1,"1":7,"2":7,"3":7,"4":7,"5":1,"6":1,"7":1,"8":1,"9":1,"10":1,"11":3,"12":2,"13":1,"14":1,"15":1,"16":0,"17":4,"18":4,"19":3,"20":3,"21":1},"f":{"0":7},"b":{"0":[1,1,1,3,1],"1":[2,1],"2":[4,0]},"_coverageSchema":"1a1c01bbd47fc00a2c39e90264f33305004495a9","hash":"64506c35f50334ce077328f7cd92392dda409afe"}
,"C:\\Projects\\final-smm-express\\src\\controllers\\attendance.controller.js": {"path":"C:\\Projects\\final-smm-express\\src\\controllers\\attendance.controller.js","statementMap":{"0":{"start":{"line":1,"column":19},"end":{"line":30,"column":1}},"1":{"start":{"line":2,"column":2},"end":{"line":29,"column":3}},"2":{"start":{"line":3,"column":17},"end":{"line":3,"column":25}},"3":{"start":{"line":4,"column":15},"end":{"line":4,"column":28}},"4":{"start":{"line":5,"column":17},"end":{"line":5,"column":31}},"5":{"start":{"line":7,"column":4},"end":{"line":25,"column":5}},"6":{"start":{"line":9,"column":8},"end":{"line":9,"column":55}},"7":{"start":{"line":11,"column":8},"end":{"line":11,"column":24}},"8":{"start":{"line":12,"column":8},"end":{"line":12,"column":25}},"9":{"start":{"line":13,"column":8},"end":{"line":13,"column":14}},"10":{"start":{"line":16,"column":8},"end":{"line":16,"column":56}},"11":{"start":{"line":18,"column":8},"end":{"line":23,"column":9}},"12":{"start":{"line":19,"column":10},"end":{"line":19,"column":26}},"13":{"start":{"line":20,"column":10},"end":{"line":20,"column":27}},"14":{"start":{"line":22,"column":10},"end":{"line":22,"column":30}},"15":{"start":{"line":24,"column":8},"end":{"line":24,"column":14}},"16":{"start":{"line":27,"column":4},"end":{"line":27,"column":20}},"17":{"start":{"line":28,"column":4},"end":{"line":28,"column":39}},"18":{"start":{"line":32,"column":22},"end":{"line":85,"column":1}},"19":{"start":{"line":33,"column":2},"end":{"line":84,"column":3}},"20":{"start":{"line":34,"column":18},"end":{"line":34,"column":20}},"21":{"start":{"line":35,"column":15},"end":{"line":35,"column":29}},"22":{"start":{"line":36,"column":17},"end":{"line":36,"column":32}},"23":{"start":{"line":37,"column":15},"end":{"line":37,"column":27}},"24":{"start":{"line":38,"column":17},"end":{"line":38,"column":31}},"25":{"start":{"line":41,"column":4},"end":{"line":41,"column":31}},"26":{"start":{"line":41,"column":22},"end":{"line":41,"column":31}},"27":{"start":{"line":42,"column":4},"end":{"line":72,"column":5}},"28":{"start":{"line":44,"column":8},"end":{"line":45,"column":20}},"29":{"start":{"line":44,"column":16},"end":{"line":44,"column":66}},"30":{"start":{"line":45,"column":13},"end":{"line":45,"column":20}},"31":{"start":{"line":46,"column":8},"end":{"line":46,"column":14}},"32":{"start":{"line":49,"column":8},"end":{"line":50,"column":20}},"33":{"start":{"line":49,"column":18},"end":{"line":49,"column":72}},"34":{"start":{"line":50,"column":13},"end":{"line":50,"column":20}},"35":{"start":{"line":51,"column":8},"end":{"line":51,"column":14}},"36":{"start":{"line":54,"column":8},"end":{"line":55,"column":20}},"37":{"start":{"line":54,"column":16},"end":{"line":54,"column":59}},"38":{"start":{"line":55,"column":13},"end":{"line":55,"column":20}},"39":{"start":{"line":56,"column":8},"end":{"line":56,"column":14}},"40":{"start":{"line":59,"column":8},"end":{"line":66,"column":20}},"41":{"start":{"line":60,"column":10},"end":{"line":65,"column":12}},"42":{"start":{"line":66,"column":13},"end":{"line":66,"column":20}},"43":{"start":{"line":67,"column":8},"end":{"line":67,"column":14}},"44":{"start":{"line":70,"column":8},"end":{"line":70,"column":15}},"45":{"start":{"line":71,"column":8},"end":{"line":71,"column":14}},"46":{"start":{"line":74,"column":4},"end":{"line":80,"column":5}},"47":{"start":{"line":75,"column":6},"end":{"line":75,"column":22}},"48":{"start":{"line":76,"column":6},"end":{"line":76,"column":23}},"49":{"start":{"line":78,"column":6},"end":{"line":78,"column":22}},"50":{"start":{"line":79,"column":6},"end":{"line":79,"column":23}},"51":{"start":{"line":82,"column":4},"end":{"line":82,"column":20}},"52":{"start":{"line":83,"column":4},"end":{"line":83,"column":39}},"53":{"start":{"line":87,"column":0},"end":{"line":87,"column":47}}},"fnMap":{"0":{"name":"(anonymous_0)","decl":{"start":{"line":1,"column":19},"end":{"line":1,"column":20}},"loc":{"start":{"line":1,"column":48},"end":{"line":30,"column":1}},"line":1},"1":{"name":"(anonymous_1)","decl":{"start":{"line":32,"column":22},"end":{"line":32,"column":23}},"loc":{"start":{"line":32,"column":57},"end":{"line":85,"column":1}},"line":32}},"branchMap":{"0":{"loc":{"start":{"line":7,"column":4},"end":{"line":25,"column":5}},"type":"switch","locations":[{"start":{"line":8,"column":6},"end":{"line":13,"column":14}},{"start":{"line":15,"column":6},"end":{"line":24,"column":14}}],"line":7},"1":{"loc":{"start":{"line":18,"column":8},"end":{"line":23,"column":9}},"type":"if","locations":[{"start":{"line":18,"column":8},"end":{"line":23,"column":9}},{"start":{"line":18,"column":8},"end":{"line":23,"column":9}}],"line":18},"2":{"loc":{"start":{"line":41,"column":4},"end":{"line":41,"column":31}},"type":"if","locations":[{"start":{"line":41,"column":4},"end":{"line":41,"column":31}},{"start":{"line":41,"column":4},"end":{"line":41,"column":31}}],"line":41},"3":{"loc":{"start":{"line":42,"column":4},"end":{"line":72,"column":5}},"type":"switch","locations":[{"start":{"line":43,"column":6},"end":{"line":46,"column":14}},{"start":{"line":48,"column":6},"end":{"line":51,"column":14}},{"start":{"line":53,"column":6},"end":{"line":56,"column":14}},{"start":{"line":58,"column":6},"end":{"line":67,"column":14}},{"start":{"line":69,"column":6},"end":{"line":71,"column":14}}],"line":42},"4":{"loc":{"start":{"line":44,"column":8},"end":{"line":45,"column":20}},"type":"if","locations":[{"start":{"line":44,"column":8},"end":{"line":45,"column":20}},{"start":{"line":44,"column":8},"end":{"line":45,"column":20}}],"line":44},"5":{"loc":{"start":{"line":49,"column":8},"end":{"line":50,"column":20}},"type":"if","locations":[{"start":{"line":49,"column":8},"end":{"line":50,"column":20}},{"start":{"line":49,"column":8},"end":{"line":50,"column":20}}],"line":49},"6":{"loc":{"start":{"line":54,"column":8},"end":{"line":55,"column":20}},"type":"if","locations":[{"start":{"line":54,"column":8},"end":{"line":55,"column":20}},{"start":{"line":54,"column":8},"end":{"line":55,"column":20}}],"line":54},"7":{"loc":{"start":{"line":59,"column":8},"end":{"line":66,"column":20}},"type":"if","locations":[{"start":{"line":59,"column":8},"end":{"line":66,"column":20}},{"start":{"line":59,"column":8},"end":{"line":66,"column":20}}],"line":59},"8":{"loc":{"start":{"line":59,"column":12},"end":{"line":59,"column":22}},"type":"binary-expr","locations":[{"start":{"line":59,"column":12},"end":{"line":59,"column":14}},{"start":{"line":59,"column":18},"end":{"line":59,"column":22}}],"line":59},"9":{"loc":{"start":{"line":74,"column":4},"end":{"line":80,"column":5}},"type":"if","locations":[{"start":{"line":74,"column":4},"end":{"line":80,"column":5}},{"start":{"line":74,"column":4},"end":{"line":80,"column":5}}],"line":74}},"s":{"0":1,"1":4,"2":4,"3":4,"4":4,"5":4,"6":1,"7":1,"8":1,"9":1,"10":3,"11":2,"12":1,"13":1,"14":1,"15":2,"16":1,"17":1,"18":1,"19":11,"20":11,"21":11,"22":11,"23":11,"24":11,"25":11,"26":3,"27":11,"28":3,"29":2,"30":1,"31":2,"32":2,"33":1,"34":1,"35":1,"36":2,"37":1,"38":1,"39":1,"40":3,"41":2,"42":1,"43":1,"44":1,"45":0,"46":5,"47":4,"48":4,"49":1,"50":1,"51":6,"52":6,"53":1},"f":{"0":4,"1":11},"b":{"0":[1,3],"1":[1,1],"2":[3,8],"3":[3,2,2,3,1],"4":[2,1],"5":[1,1],"6":[1,1],"7":[2,1],"8":[3,2],"9":[4,1]},"_coverageSchema":"1a1c01bbd47fc00a2c39e90264f33305004495a9","hash":"db2164b912a4e10d480c2e83b6243203ec6e8c86"}
,"C:\\Projects\\final-smm-express\\src\\controllers\\auth.controller.js": {"path":"C:\\Projects\\final-smm-express\\src\\controllers\\auth.controller.js","statementMap":{"0":{"start":{"line":1,"column":21},"end":{"line":17,"column":1}},"1":{"start":{"line":2,"column":2},"end":{"line":16,"column":3}},"2":{"start":{"line":3,"column":17},"end":{"line":3,"column":25}},"3":{"start":{"line":4,"column":19},"end":{"line":4,"column":43}},"4":{"start":{"line":6,"column":4},"end":{"line":12,"column":5}},"5":{"start":{"line":7,"column":6},"end":{"line":7,"column":22}},"6":{"start":{"line":8,"column":6},"end":{"line":8,"column":23}},"7":{"start":{"line":10,"column":6},"end":{"line":10,"column":22}},"8":{"start":{"line":11,"column":6},"end":{"line":11,"column":44}},"9":{"start":{"line":14,"column":4},"end":{"line":14,"column":20}},"10":{"start":{"line":15,"column":4},"end":{"line":15,"column":39}},"11":{"start":{"line":19,"column":0},"end":{"line":19,"column":34}}},"fnMap":{"0":{"name":"(anonymous_0)","decl":{"start":{"line":1,"column":21},"end":{"line":1,"column":22}},"loc":{"start":{"line":1,"column":50},"end":{"line":17,"column":1}},"line":1}},"branchMap":{"0":{"loc":{"start":{"line":6,"column":4},"end":{"line":12,"column":5}},"type":"if","locations":[{"start":{"line":6,"column":4},"end":{"line":12,"column":5}},{"start":{"line":6,"column":4},"end":{"line":12,"column":5}}],"line":6}},"s":{"0":1,"1":3,"2":3,"3":3,"4":2,"5":1,"6":1,"7":1,"8":1,"9":1,"10":1,"11":1},"f":{"0":3},"b":{"0":[1,1]},"_coverageSchema":"1a1c01bbd47fc00a2c39e90264f33305004495a9","hash":"765c294c95aa85066182e3bf2da2ac6dba241cc9"}
,"C:\\Projects\\final-smm-express\\src\\controllers\\dump.controller.js": {"path":"C:\\Projects\\final-smm-express\\src\\controllers\\dump.controller.js","statementMap":{"0":{"start":{"line":1,"column":16},"end":{"line":10,"column":1}},"1":{"start":{"line":2,"column":2},"end":{"line":9,"column":3}},"2":{"start":{"line":3,"column":19},"end":{"line":3,"column":47}},"3":{"start":{"line":5,"column":4},"end":{"line":5,"column":21}},"4":{"start":{"line":7,"column":4},"end":{"line":7,"column":20}},"5":{"start":{"line":8,"column":4},"end":{"line":8,"column":39}},"6":{"start":{"line":12,"column":23},"end":{"line":22,"column":1}},"7":{"start":{"line":13,"column":2},"end":{"line":21,"column":3}},"8":{"start":{"line":14,"column":28},"end":{"line":14,"column":36}},"9":{"start":{"line":15,"column":19},"end":{"line":15,"column":62}},"10":{"start":{"line":17,"column":4},"end":{"line":17,"column":21}},"11":{"start":{"line":19,"column":4},"end":{"line":19,"column":20}},"12":{"start":{"line":20,"column":4},"end":{"line":20,"column":39}},"13":{"start":{"line":24,"column":14},"end":{"line":33,"column":1}},"14":{"start":{"line":25,"column":2},"end":{"line":32,"column":3}},"15":{"start":{"line":26,"column":18},"end":{"line":26,"column":26}},"16":{"start":{"line":27,"column":19},"end":{"line":27,"column":51}},"17":{"start":{"line":28,"column":4},"end":{"line":28,"column":21}},"18":{"start":{"line":30,"column":4},"end":{"line":30,"column":20}},"19":{"start":{"line":31,"column":4},"end":{"line":31,"column":39}},"20":{"start":{"line":35,"column":0},"end":{"line":35,"column":52}}},"fnMap":{"0":{"name":"(anonymous_0)","decl":{"start":{"line":1,"column":16},"end":{"line":1,"column":17}},"loc":{"start":{"line":1,"column":45},"end":{"line":10,"column":1}},"line":1},"1":{"name":"(anonymous_1)","decl":{"start":{"line":12,"column":23},"end":{"line":12,"column":24}},"loc":{"start":{"line":12,"column":52},"end":{"line":22,"column":1}},"line":12},"2":{"name":"(anonymous_2)","decl":{"start":{"line":24,"column":14},"end":{"line":24,"column":15}},"loc":{"start":{"line":24,"column":43},"end":{"line":33,"column":1}},"line":24}},"branchMap":{},"s":{"0":1,"1":2,"2":2,"3":1,"4":1,"5":1,"6":1,"7":2,"8":2,"9":2,"10":1,"11":1,"12":1,"13":1,"14":2,"15":2,"16":2,"17":1,"18":1,"19":1,"20":1},"f":{"0":2,"1":2,"2":2},"b":{},"_coverageSchema":"1a1c01bbd47fc00a2c39e90264f33305004495a9","hash":"97a498addde2fe600b799fd7ee70794ccd6e0296"}
,"C:\\Projects\\final-smm-express\\src\\controllers\\images.controller.js": {"path":"C:\\Projects\\final-smm-express\\src\\controllers\\images.controller.js","statementMap":{"0":{"start":{"line":1,"column":20},"end":{"line":13,"column":1}},"1":{"start":{"line":2,"column":2},"end":{"line":12,"column":3}},"2":{"start":{"line":3,"column":17},"end":{"line":3,"column":32}},"3":{"start":{"line":4,"column":18},"end":{"line":4,"column":51}},"4":{"start":{"line":5,"column":19},"end":{"line":5,"column":57}},"5":{"start":{"line":7,"column":4},"end":{"line":7,"column":21}},"6":{"start":{"line":10,"column":4},"end":{"line":10,"column":20}},"7":{"start":{"line":11,"column":4},"end":{"line":11,"column":39}},"8":{"start":{"line":15,"column":24},"end":{"line":25,"column":1}},"9":{"start":{"line":16,"column":2},"end":{"line":24,"column":3}},"10":{"start":{"line":17,"column":17},"end":{"line":17,"column":32}},"11":{"start":{"line":18,"column":19},"end":{"line":18,"column":51}},"12":{"start":{"line":20,"column":4},"end":{"line":20,"column":21}},"13":{"start":{"line":22,"column":4},"end":{"line":22,"column":20}},"14":{"start":{"line":23,"column":4},"end":{"line":23,"column":39}},"15":{"start":{"line":27,"column":0},"end":{"line":27,"column":50}}},"fnMap":{"0":{"name":"(anonymous_0)","decl":{"start":{"line":1,"column":20},"end":{"line":1,"column":21}},"loc":{"start":{"line":1,"column":49},"end":{"line":13,"column":1}},"line":1},"1":{"name":"(anonymous_1)","decl":{"start":{"line":15,"column":24},"end":{"line":15,"column":25}},"loc":{"start":{"line":15,"column":53},"end":{"line":25,"column":1}},"line":15}},"branchMap":{},"s":{"0":1,"1":2,"2":2,"3":2,"4":2,"5":1,"6":1,"7":1,"8":1,"9":2,"10":2,"11":2,"12":1,"13":1,"14":1,"15":1},"f":{"0":2,"1":2},"b":{},"_coverageSchema":"1a1c01bbd47fc00a2c39e90264f33305004495a9","hash":"459ec7491e72b7ae92ca0a4f43b86957381c887e"}
,"C:\\Projects\\final-smm-express\\src\\controllers\\user.controller.js": {"path":"C:\\Projects\\final-smm-express\\src\\controllers\\user.controller.js","statementMap":{"0":{"start":{"line":1,"column":15},"end":{"line":11,"column":1}},"1":{"start":{"line":2,"column":2},"end":{"line":10,"column":3}},"2":{"start":{"line":3,"column":19},"end":{"line":3,"column":43}},"3":{"start":{"line":5,"column":4},"end":{"line":5,"column":20}},"4":{"start":{"line":6,"column":4},"end":{"line":6,"column":21}},"5":{"start":{"line":8,"column":4},"end":{"line":8,"column":20}},"6":{"start":{"line":9,"column":4},"end":{"line":9,"column":39}},"7":{"start":{"line":13,"column":18},"end":{"line":23,"column":1}},"8":{"start":{"line":14,"column":2},"end":{"line":22,"column":3}},"9":{"start":{"line":15,"column":17},"end":{"line":15,"column":25}},"10":{"start":{"line":16,"column":19},"end":{"line":16,"column":49}},"11":{"start":{"line":18,"column":4},"end":{"line":18,"column":21}},"12":{"start":{"line":20,"column":4},"end":{"line":20,"column":20}},"13":{"start":{"line":21,"column":4},"end":{"line":21,"column":39}},"14":{"start":{"line":25,"column":15},"end":{"line":40,"column":1}},"15":{"start":{"line":26,"column":2},"end":{"line":39,"column":3}},"16":{"start":{"line":27,"column":17},"end":{"line":27,"column":25}},"17":{"start":{"line":28,"column":15},"end":{"line":28,"column":27}},"18":{"start":{"line":29,"column":4},"end":{"line":35,"column":5}},"19":{"start":{"line":30,"column":21},"end":{"line":30,"column":55}},"20":{"start":{"line":32,"column":6},"end":{"line":32,"column":23}},"21":{"start":{"line":34,"column":6},"end":{"line":34,"column":26}},"22":{"start":{"line":37,"column":4},"end":{"line":37,"column":20}},"23":{"start":{"line":38,"column":4},"end":{"line":38,"column":39}},"24":{"start":{"line":42,"column":16},"end":{"line":78,"column":1}},"25":{"start":{"line":43,"column":2},"end":{"line":77,"column":3}},"26":{"start":{"line":44,"column":17},"end":{"line":44,"column":32}},"27":{"start":{"line":45,"column":15},"end":{"line":45,"column":28}},"28":{"start":{"line":46,"column":15},"end":{"line":46,"column":29}},"29":{"start":{"line":49,"column":4},"end":{"line":49,"column":31}},"30":{"start":{"line":49,"column":22},"end":{"line":49,"column":31}},"31":{"start":{"line":50,"column":4},"end":{"line":66,"column":5}},"32":{"start":{"line":52,"column":8},"end":{"line":52,"column":48}},"33":{"start":{"line":53,"column":8},"end":{"line":53,"column":14}},"34":{"start":{"line":56,"column":8},"end":{"line":56,"column":47}},"35":{"start":{"line":57,"column":8},"end":{"line":57,"column":14}},"36":{"start":{"line":60,"column":8},"end":{"line":60,"column":57}},"37":{"start":{"line":61,"column":8},"end":{"line":61,"column":14}},"38":{"start":{"line":64,"column":8},"end":{"line":64,"column":45}},"39":{"start":{"line":65,"column":8},"end":{"line":65,"column":14}},"40":{"start":{"line":68,"column":4},"end":{"line":73,"column":5}},"41":{"start":{"line":69,"column":6},"end":{"line":69,"column":22}},"42":{"start":{"line":70,"column":6},"end":{"line":70,"column":23}},"43":{"start":{"line":72,"column":6},"end":{"line":72,"column":26}},"44":{"start":{"line":75,"column":4},"end":{"line":75,"column":20}},"45":{"start":{"line":76,"column":4},"end":{"line":76,"column":39}},"46":{"start":{"line":80,"column":19},"end":{"line":94,"column":1}},"47":{"start":{"line":81,"column":2},"end":{"line":93,"column":3}},"48":{"start":{"line":82,"column":15},"end":{"line":82,"column":27}},"49":{"start":{"line":83,"column":4},"end":{"line":89,"column":5}},"50":{"start":{"line":84,"column":21},"end":{"line":84,"column":49}},"51":{"start":{"line":86,"column":6},"end":{"line":86,"column":23}},"52":{"start":{"line":88,"column":6},"end":{"line":88,"column":26}},"53":{"start":{"line":91,"column":4},"end":{"line":91,"column":20}},"54":{"start":{"line":92,"column":4},"end":{"line":92,"column":39}},"55":{"start":{"line":96,"column":0},"end":{"line":96,"column":68}}},"fnMap":{"0":{"name":"(anonymous_0)","decl":{"start":{"line":1,"column":15},"end":{"line":1,"column":16}},"loc":{"start":{"line":1,"column":44},"end":{"line":11,"column":1}},"line":1},"1":{"name":"(anonymous_1)","decl":{"start":{"line":13,"column":18},"end":{"line":13,"column":19}},"loc":{"start":{"line":13,"column":47},"end":{"line":23,"column":1}},"line":13},"2":{"name":"(anonymous_2)","decl":{"start":{"line":25,"column":15},"end":{"line":25,"column":16}},"loc":{"start":{"line":25,"column":44},"end":{"line":40,"column":1}},"line":25},"3":{"name":"(anonymous_3)","decl":{"start":{"line":42,"column":16},"end":{"line":42,"column":17}},"loc":{"start":{"line":42,"column":45},"end":{"line":78,"column":1}},"line":42},"4":{"name":"(anonymous_4)","decl":{"start":{"line":80,"column":19},"end":{"line":80,"column":20}},"loc":{"start":{"line":80,"column":48},"end":{"line":94,"column":1}},"line":80}},"branchMap":{"0":{"loc":{"start":{"line":29,"column":4},"end":{"line":35,"column":5}},"type":"if","locations":[{"start":{"line":29,"column":4},"end":{"line":35,"column":5}},{"start":{"line":29,"column":4},"end":{"line":35,"column":5}}],"line":29},"1":{"loc":{"start":{"line":49,"column":4},"end":{"line":49,"column":31}},"type":"if","locations":[{"start":{"line":49,"column":4},"end":{"line":49,"column":31}},{"start":{"line":49,"column":4},"end":{"line":49,"column":31}}],"line":49},"2":{"loc":{"start":{"line":50,"column":4},"end":{"line":66,"column":5}},"type":"switch","locations":[{"start":{"line":51,"column":6},"end":{"line":53,"column":14}},{"start":{"line":55,"column":6},"end":{"line":57,"column":14}},{"start":{"line":59,"column":6},"end":{"line":61,"column":14}},{"start":{"line":63,"column":6},"end":{"line":65,"column":14}}],"line":50},"3":{"loc":{"start":{"line":68,"column":4},"end":{"line":73,"column":5}},"type":"if","locations":[{"start":{"line":68,"column":4},"end":{"line":73,"column":5}},{"start":{"line":68,"column":4},"end":{"line":73,"column":5}}],"line":68},"4":{"loc":{"start":{"line":83,"column":4},"end":{"line":89,"column":5}},"type":"if","locations":[{"start":{"line":83,"column":4},"end":{"line":89,"column":5}},{"start":{"line":83,"column":4},"end":{"line":89,"column":5}}],"line":83}},"s":{"0":1,"1":2,"2":2,"3":1,"4":1,"5":1,"6":1,"7":1,"8":2,"9":2,"10":2,"11":1,"12":1,"13":1,"14":1,"15":3,"16":3,"17":3,"18":3,"19":2,"20":1,"21":1,"22":1,"23":1,"24":1,"25":6,"26":6,"27":6,"28":6,"29":6,"30":5,"31":6,"32":1,"33":1,"34":1,"35":1,"36":3,"37":2,"38":1,"39":1,"40":5,"41":4,"42":4,"43":1,"44":1,"45":1,"46":1,"47":3,"48":3,"49":3,"50":2,"51":1,"52":1,"53":1,"54":1,"55":1},"f":{"0":2,"1":2,"2":3,"3":6,"4":3},"b":{"0":[2,1],"1":[5,1],"2":[1,1,3,1],"3":[4,1],"4":[2,1]},"_coverageSchema":"1a1c01bbd47fc00a2c39e90264f33305004495a9","hash":"e4428b9610c67b9252bcf8b3114307a065c30b45"}
,"C:\\Projects\\final-smm-express\\src\\events\\logEmitter.js": {"path":"C:\\Projects\\final-smm-express\\src\\events\\logEmitter.js","statementMap":{"0":{"start":{"line":1,"column":21},"end":{"line":1,"column":38}},"1":{"start":{"line":2,"column":19},"end":{"line":2,"column":37}},"2":{"start":{"line":4,"column":0},"end":{"line":4,"column":28}}},"fnMap":{},"branchMap":{},"s":{"0":12,"1":12,"2":12},"f":{},"b":{},"_coverageSchema":"1a1c01bbd47fc00a2c39e90264f33305004495a9","hash":"8d404301ab63abfe92b63853ca57e1af89aa0c55"}
,"C:\\Projects\\final-smm-express\\src\\models\\attendance.model.js": {"path":"C:\\Projects\\final-smm-express\\src\\models\\attendance.model.js","statementMap":{"0":{"start":{"line":1,"column":19},"end":{"line":1,"column":49}},"1":{"start":{"line":2,"column":18},"end":{"line":2,"column":38}},"2":{"start":{"line":4,"column":19},"end":{"line":30,"column":1}},"3":{"start":{"line":32,"column":0},"end":{"line":32,"column":28}}},"fnMap":{},"branchMap":{},"s":{"0":5,"1":5,"2":5,"3":5},"f":{},"b":{},"_coverageSchema":"1a1c01bbd47fc00a2c39e90264f33305004495a9","hash":"5f48924c4c98acdbd76ed73b8fafca076dca9635"}
,"C:\\Projects\\final-smm-express\\src\\models\\btype.model.js": {"path":"C:\\Projects\\final-smm-express\\src\\models\\btype.model.js","statementMap":{"0":{"start":{"line":1,"column":19},"end":{"line":1,"column":49}},"1":{"start":{"line":2,"column":18},"end":{"line":2,"column":38}},"2":{"start":{"line":4,"column":18},"end":{"line":24,"column":1}},"3":{"start":{"line":26,"column":0},"end":{"line":26,"column":27}}},"fnMap":{},"branchMap":{},"s":{"0":5,"1":5,"2":5,"3":5},"f":{},"b":{},"_coverageSchema":"1a1c01bbd47fc00a2c39e90264f33305004495a9","hash":"90e4c73f0a3554546793a160b6403308a69837d7"}
,"C:\\Projects\\final-smm-express\\src\\models\\department.model.js": {"path":"C:\\Projects\\final-smm-express\\src\\models\\department.model.js","statementMap":{"0":{"start":{"line":1,"column":19},"end":{"line":1,"column":49}},"1":{"start":{"line":2,"column":18},"end":{"line":2,"column":38}},"2":{"start":{"line":4,"column":19},"end":{"line":29,"column":1}},"3":{"start":{"line":31,"column":0},"end":{"line":31,"column":28}}},"fnMap":{},"branchMap":{},"s":{"0":4,"1":4,"2":4,"3":4},"f":{},"b":{},"_coverageSchema":"1a1c01bbd47fc00a2c39e90264f33305004495a9","hash":"4eb5339dae8203a2c28d6c3a99d81d3a223ab824"}
,"C:\\Projects\\final-smm-express\\src\\models\\gender.model.js": {"path":"C:\\Projects\\final-smm-express\\src\\models\\gender.model.js","statementMap":{"0":{"start":{"line":1,"column":19},"end":{"line":1,"column":49}},"1":{"start":{"line":2,"column":18},"end":{"line":2,"column":38}},"2":{"start":{"line":4,"column":15},"end":{"line":25,"column":1}},"3":{"start":{"line":27,"column":0},"end":{"line":27,"column":24}}},"fnMap":{},"branchMap":{},"s":{"0":4,"1":4,"2":4,"3":4},"f":{},"b":{},"_coverageSchema":"1a1c01bbd47fc00a2c39e90264f33305004495a9","hash":"8a09a3273d93d190cb084c6419a6789435936593"}
,"C:\\Projects\\final-smm-express\\src\\models\\image.model.js": {"path":"C:\\Projects\\final-smm-express\\src\\models\\image.model.js","statementMap":{"0":{"start":{"line":1,"column":19},"end":{"line":1,"column":49}},"1":{"start":{"line":2,"column":18},"end":{"line":2,"column":38}},"2":{"start":{"line":4,"column":14},"end":{"line":26,"column":1}},"3":{"start":{"line":28,"column":0},"end":{"line":28,"column":23}}},"fnMap":{},"branchMap":{},"s":{"0":3,"1":3,"2":3,"3":3},"f":{},"b":{},"_coverageSchema":"1a1c01bbd47fc00a2c39e90264f33305004495a9","hash":"a3a04ebe5b8c0092273ae2eb1e395a237b98c176"}
,"C:\\Projects\\final-smm-express\\src\\models\\user.model.js": {"path":"C:\\Projects\\final-smm-express\\src\\models\\user.model.js","statementMap":{"0":{"start":{"line":1,"column":19},"end":{"line":1,"column":49}},"1":{"start":{"line":2,"column":18},"end":{"line":2,"column":38}},"2":{"start":{"line":4,"column":13},"end":{"line":59,"column":1}},"3":{"start":{"line":61,"column":0},"end":{"line":61,"column":22}}},"fnMap":{},"branchMap":{},"s":{"0":6,"1":6,"2":6,"3":6},"f":{},"b":{},"_coverageSchema":"1a1c01bbd47fc00a2c39e90264f33305004495a9","hash":"ac22ef77861b12c1cac96727e52e2be216946830"}
,"C:\\Projects\\final-smm-express\\src\\services\\admin.service.js": {"path":"C:\\Projects\\final-smm-express\\src\\services\\admin.service.js","statementMap":{"0":{"start":{"line":1,"column":19},"end":{"line":1,"column":50}},"1":{"start":{"line":4,"column":4},"end":{"line":4,"column":33}},"2":{"start":{"line":5,"column":4},"end":{"line":5,"column":25}},"3":{"start":{"line":6,"column":4},"end":{"line":6,"column":31}},"4":{"start":{"line":7,"column":4},"end":{"line":7,"column":33}},"5":{"start":{"line":11,"column":4},"end":{"line":23,"column":5}},"6":{"start":{"line":12,"column":21},"end":{"line":14,"column":8}},"7":{"start":{"line":16,"column":6},"end":{"line":16,"column":20}},"8":{"start":{"line":18,"column":6},"end":{"line":21,"column":9}},"9":{"start":{"line":22,"column":6},"end":{"line":22,"column":31}},"10":{"start":{"line":27,"column":4},"end":{"line":39,"column":5}},"11":{"start":{"line":28,"column":21},"end":{"line":30,"column":8}},"12":{"start":{"line":32,"column":6},"end":{"line":32,"column":20}},"13":{"start":{"line":34,"column":6},"end":{"line":37,"column":9}},"14":{"start":{"line":38,"column":6},"end":{"line":38,"column":31}},"15":{"start":{"line":43,"column":4},"end":{"line":55,"column":5}},"16":{"start":{"line":44,"column":21},"end":{"line":46,"column":8}},"17":{"start":{"line":48,"column":6},"end":{"line":48,"column":20}},"18":{"start":{"line":50,"column":6},"end":{"line":53,"column":9}},"19":{"start":{"line":54,"column":6},"end":{"line":54,"column":31}},"20":{"start":{"line":59,"column":4},"end":{"line":77,"column":5}},"21":{"start":{"line":60,"column":21},"end":{"line":69,"column":8}},"22":{"start":{"line":70,"column":6},"end":{"line":70,"column":20}},"23":{"start":{"line":72,"column":6},"end":{"line":75,"column":9}},"24":{"start":{"line":76,"column":6},"end":{"line":76,"column":31}},"25":{"start":{"line":81,"column":0},"end":{"line":81,"column":30}}},"fnMap":{"0":{"name":"(anonymous_0)","decl":{"start":{"line":3,"column":2},"end":{"line":3,"column":3}},"loc":{"start":{"line":3,"column":57},"end":{"line":8,"column":3}},"line":3},"1":{"name":"(anonymous_1)","decl":{"start":{"line":10,"column":2},"end":{"line":10,"column":3}},"loc":{"start":{"line":10,"column":29},"end":{"line":24,"column":3}},"line":10},"2":{"name":"(anonymous_2)","decl":{"start":{"line":26,"column":2},"end":{"line":26,"column":3}},"loc":{"start":{"line":26,"column":25},"end":{"line":40,"column":3}},"line":26},"3":{"name":"(anonymous_3)","decl":{"start":{"line":42,"column":2},"end":{"line":42,"column":3}},"loc":{"start":{"line":42,"column":28},"end":{"line":56,"column":3}},"line":42},"4":{"name":"(anonymous_4)","decl":{"start":{"line":58,"column":2},"end":{"line":58,"column":3}},"loc":{"start":{"line":58,"column":36},"end":{"line":78,"column":3}},"line":58}},"branchMap":{},"s":{"0":2,"1":2,"2":2,"3":2,"4":2,"5":2,"6":2,"7":1,"8":1,"9":1,"10":2,"11":2,"12":1,"13":1,"14":1,"15":2,"16":2,"17":1,"18":1,"19":1,"20":2,"21":2,"22":1,"23":1,"24":1,"25":2},"f":{"0":2,"1":2,"2":2,"3":2,"4":2},"b":{},"_coverageSchema":"1a1c01bbd47fc00a2c39e90264f33305004495a9","hash":"88cf8d0fd2675ddea2285e4bb6840e3de430d3cf"}
,"C:\\Projects\\final-smm-express\\src\\services\\attendance.service.js": {"path":"C:\\Projects\\final-smm-express\\src\\services\\attendance.service.js","statementMap":{"0":{"start":{"line":1,"column":18},"end":{"line":1,"column":38}},"1":{"start":{"line":2,"column":11},"end":{"line":2,"column":23}},"2":{"start":{"line":3,"column":19},"end":{"line":3,"column":50}},"3":{"start":{"line":4,"column":13},"end":{"line":4,"column":44}},"4":{"start":{"line":8,"column":15},"end":{"line":8,"column":32}},"5":{"start":{"line":9,"column":15},"end":{"line":9,"column":32}},"6":{"start":{"line":11,"column":0},"end":{"line":11,"column":16}},"7":{"start":{"line":14,"column":4},"end":{"line":14,"column":33}},"8":{"start":{"line":18,"column":4},"end":{"line":37,"column":5}},"9":{"start":{"line":19,"column":21},"end":{"line":28,"column":8}},"10":{"start":{"line":30,"column":6},"end":{"line":30,"column":20}},"11":{"start":{"line":32,"column":6},"end":{"line":35,"column":9}},"12":{"start":{"line":36,"column":6},"end":{"line":36,"column":30}},"13":{"start":{"line":41,"column":4},"end":{"line":58,"column":5}},"14":{"start":{"line":42,"column":21},"end":{"line":49,"column":8}},"15":{"start":{"line":51,"column":6},"end":{"line":51,"column":20}},"16":{"start":{"line":53,"column":6},"end":{"line":56,"column":9}},"17":{"start":{"line":57,"column":6},"end":{"line":57,"column":30}},"18":{"start":{"line":62,"column":4},"end":{"line":88,"column":5}},"19":{"start":{"line":63,"column":21},"end":{"line":79,"column":8}},"20":{"start":{"line":81,"column":6},"end":{"line":81,"column":20}},"21":{"start":{"line":83,"column":6},"end":{"line":86,"column":9}},"22":{"start":{"line":87,"column":6},"end":{"line":87,"column":30}},"23":{"start":{"line":92,"column":4},"end":{"line":115,"column":5}},"24":{"start":{"line":93,"column":21},"end":{"line":107,"column":8}},"25":{"start":{"line":108,"column":6},"end":{"line":108,"column":20}},"26":{"start":{"line":110,"column":6},"end":{"line":113,"column":9}},"27":{"start":{"line":114,"column":6},"end":{"line":114,"column":30}},"28":{"start":{"line":119,"column":4},"end":{"line":133,"column":5}},"29":{"start":{"line":120,"column":21},"end":{"line":124,"column":8}},"30":{"start":{"line":126,"column":6},"end":{"line":126,"column":20}},"31":{"start":{"line":128,"column":6},"end":{"line":131,"column":9}},"32":{"start":{"line":132,"column":6},"end":{"line":132,"column":30}},"33":{"start":{"line":137,"column":4},"end":{"line":160,"column":5}},"34":{"start":{"line":138,"column":21},"end":{"line":151,"column":7}},"35":{"start":{"line":153,"column":6},"end":{"line":153,"column":23}},"36":{"start":{"line":155,"column":6},"end":{"line":158,"column":9}},"37":{"start":{"line":159,"column":6},"end":{"line":159,"column":30}},"38":{"start":{"line":164,"column":0},"end":{"line":164,"column":35}}},"fnMap":{"0":{"name":"(anonymous_0)","decl":{"start":{"line":13,"column":2},"end":{"line":13,"column":3}},"loc":{"start":{"line":13,"column":26},"end":{"line":15,"column":3}},"line":13},"1":{"name":"(anonymous_1)","decl":{"start":{"line":17,"column":2},"end":{"line":17,"column":3}},"loc":{"start":{"line":17,"column":37},"end":{"line":38,"column":3}},"line":17},"2":{"name":"(anonymous_2)","decl":{"start":{"line":40,"column":2},"end":{"line":40,"column":3}},"loc":{"start":{"line":40,"column":28},"end":{"line":59,"column":3}},"line":40},"3":{"name":"(anonymous_3)","decl":{"start":{"line":61,"column":2},"end":{"line":61,"column":3}},"loc":{"start":{"line":61,"column":60},"end":{"line":89,"column":3}},"line":61},"4":{"name":"(anonymous_4)","decl":{"start":{"line":91,"column":2},"end":{"line":91,"column":3}},"loc":{"start":{"line":91,"column":41},"end":{"line":116,"column":3}},"line":91},"5":{"name":"(anonymous_5)","decl":{"start":{"line":118,"column":2},"end":{"line":118,"column":3}},"loc":{"start":{"line":118,"column":32},"end":{"line":134,"column":3}},"line":118},"6":{"name":"(anonymous_6)","decl":{"start":{"line":136,"column":2},"end":{"line":136,"column":3}},"loc":{"start":{"line":136,"column":33},"end":{"line":161,"column":3}},"line":136}},"branchMap":{},"s":{"0":2,"1":2,"2":2,"3":2,"4":2,"5":2,"6":2,"7":2,"8":2,"9":2,"10":1,"11":1,"12":1,"13":2,"14":2,"15":1,"16":1,"17":1,"18":2,"19":2,"20":1,"21":1,"22":1,"23":2,"24":2,"25":1,"26":1,"27":1,"28":2,"29":2,"30":1,"31":1,"32":1,"33":2,"34":2,"35":1,"36":1,"37":1,"38":2},"f":{"0":2,"1":2,"2":2,"3":2,"4":2,"5":2,"6":2},"b":{},"_coverageSchema":"1a1c01bbd47fc00a2c39e90264f33305004495a9","hash":"ef63146091d814620fe5aaeae70ff97aed0c25cf"}
,"C:\\Projects\\final-smm-express\\src\\services\\auth.service.js": {"path":"C:\\Projects\\final-smm-express\\src\\services\\auth.service.js","statementMap":{"0":{"start":{"line":1,"column":19},"end":{"line":1,"column":50}},"1":{"start":{"line":2,"column":15},"end":{"line":2,"column":32}},"2":{"start":{"line":3,"column":14},"end":{"line":3,"column":30}},"3":{"start":{"line":4,"column":15},"end":{"line":4,"column":34}},"4":{"start":{"line":6,"column":0},"end":{"line":6,"column":16}},"5":{"start":{"line":9,"column":4},"end":{"line":9,"column":21}},"6":{"start":{"line":13,"column":4},"end":{"line":47,"column":5}},"7":{"start":{"line":14,"column":34},"end":{"line":14,"column":38}},"8":{"start":{"line":15,"column":21},"end":{"line":15,"column":73}},"9":{"start":{"line":17,"column":6},"end":{"line":39,"column":7}},"10":{"start":{"line":18,"column":26},"end":{"line":18,"column":73}},"11":{"start":{"line":19,"column":8},"end":{"line":36,"column":9}},"12":{"start":{"line":22,"column":14},"end":{"line":25,"column":12}},"13":{"start":{"line":26,"column":10},"end":{"line":33,"column":12}},"14":{"start":{"line":35,"column":10},"end":{"line":35,"column":26}},"15":{"start":{"line":38,"column":8},"end":{"line":38,"column":24}},"16":{"start":{"line":40,"column":6},"end":{"line":40,"column":22}},"17":{"start":{"line":42,"column":6},"end":{"line":45,"column":9}},"18":{"start":{"line":46,"column":6},"end":{"line":46,"column":30}},"19":{"start":{"line":51,"column":0},"end":{"line":51,"column":29}}},"fnMap":{"0":{"name":"(anonymous_0)","decl":{"start":{"line":8,"column":2},"end":{"line":8,"column":3}},"loc":{"start":{"line":8,"column":20},"end":{"line":10,"column":3}},"line":8},"1":{"name":"(anonymous_1)","decl":{"start":{"line":12,"column":2},"end":{"line":12,"column":3}},"loc":{"start":{"line":12,"column":19},"end":{"line":48,"column":3}},"line":12}},"branchMap":{"0":{"loc":{"start":{"line":17,"column":6},"end":{"line":39,"column":7}},"type":"if","locations":[{"start":{"line":17,"column":6},"end":{"line":39,"column":7}},{"start":{"line":17,"column":6},"end":{"line":39,"column":7}}],"line":17},"1":{"loc":{"start":{"line":19,"column":8},"end":{"line":36,"column":9}},"type":"if","locations":[{"start":{"line":19,"column":8},"end":{"line":36,"column":9}},{"start":{"line":19,"column":8},"end":{"line":36,"column":9}}],"line":19}},"s":{"0":2,"1":2,"2":2,"3":2,"4":2,"5":2,"6":4,"7":4,"8":4,"9":3,"10":2,"11":2,"12":1,"13":1,"14":1,"15":1,"16":3,"17":1,"18":1,"19":2},"f":{"0":2,"1":4},"b":{"0":[2,1],"1":[1,1]},"_coverageSchema":"1a1c01bbd47fc00a2c39e90264f33305004495a9","hash":"d0dd536a4aa8fec2d58bfc78e5492c2641177c13"}
,"C:\\Projects\\final-smm-express\\src\\services\\dump.service.js": {"path":"C:\\Projects\\final-smm-express\\src\\services\\dump.service.js","statementMap":{"0":{"start":{"line":1,"column":19},"end":{"line":1,"column":50}},"1":{"start":{"line":2,"column":18},"end":{"line":2,"column":38}},"2":{"start":{"line":3,"column":11},"end":{"line":3,"column":23}},"3":{"start":{"line":4,"column":15},"end":{"line":4,"column":32}},"4":{"start":{"line":5,"column":15},"end":{"line":5,"column":32}},"5":{"start":{"line":7,"column":0},"end":{"line":7,"column":16}},"6":{"start":{"line":10,"column":4},"end":{"line":10,"column":21}},"7":{"start":{"line":11,"column":4},"end":{"line":11,"column":25}},"8":{"start":{"line":12,"column":4},"end":{"line":12,"column":33}},"9":{"start":{"line":13,"column":4},"end":{"line":13,"column":33}},"10":{"start":{"line":14,"column":4},"end":{"line":14,"column":31}},"11":{"start":{"line":18,"column":19},"end":{"line":33,"column":5}},"12":{"start":{"line":34,"column":4},"end":{"line":123,"column":5}},"13":{"start":{"line":35,"column":25},"end":{"line":38,"column":8}},"14":{"start":{"line":39,"column":19},"end":{"line":56,"column":8}},"15":{"start":{"line":57,"column":25},"end":{"line":68,"column":8}},"16":{"start":{"line":69,"column":24},"end":{"line":72,"column":8}},"17":{"start":{"line":73,"column":21},"end":{"line":76,"column":8}},"18":{"start":{"line":77,"column":21},"end":{"line":83,"column":8}},"19":{"start":{"line":84,"column":6},"end":{"line":108,"column":9}},"20":{"start":{"line":85,"column":8},"end":{"line":88,"column":10}},"21":{"start":{"line":89,"column":8},"end":{"line":107,"column":11}},"22":{"start":{"line":90,"column":10},"end":{"line":106,"column":11}},"23":{"start":{"line":94,"column":12},"end":{"line":94,"column":46}},"24":{"start":{"line":96,"column":12},"end":{"line":103,"column":13}},"25":{"start":{"line":100,"column":14},"end":{"line":100,"column":48}},"26":{"start":{"line":102,"column":14},"end":{"line":102,"column":48}},"27":{"start":{"line":110,"column":6},"end":{"line":116,"column":8}},"28":{"start":{"line":118,"column":6},"end":{"line":121,"column":9}},"29":{"start":{"line":122,"column":6},"end":{"line":122,"column":30}},"30":{"start":{"line":127,"column":4},"end":{"line":186,"column":5}},"31":{"start":{"line":128,"column":25},"end":{"line":130,"column":8}},"32":{"start":{"line":131,"column":19},"end":{"line":147,"column":8}},"33":{"start":{"line":148,"column":25},"end":{"line":158,"column":8}},"34":{"start":{"line":159,"column":24},"end":{"line":161,"column":8}},"35":{"start":{"line":162,"column":21},"end":{"line":164,"column":8}},"36":{"start":{"line":165,"column":21},"end":{"line":171,"column":8}},"37":{"start":{"line":173,"column":6},"end":{"line":179,"column":8}},"38":{"start":{"line":181,"column":6},"end":{"line":184,"column":9}},"39":{"start":{"line":185,"column":6},"end":{"line":185,"column":30}},"40":{"start":{"line":190,"column":4},"end":{"line":238,"column":5}},"41":{"start":{"line":191,"column":20},"end":{"line":191,"column":22}},"42":{"start":{"line":192,"column":6},"end":{"line":230,"column":7}},"43":{"start":{"line":192,"column":19},"end":{"line":192,"column":20}},"44":{"start":{"line":193,"column":8},"end":{"line":229,"column":9}},"45":{"start":{"line":194,"column":25},"end":{"line":198,"column":12}},"46":{"start":{"line":199,"column":10},"end":{"line":217,"column":11}},"47":{"start":{"line":200,"column":12},"end":{"line":207,"column":13}},"48":{"start":{"line":201,"column":14},"end":{"line":204,"column":17}},"49":{"start":{"line":205,"column":14},"end":{"line":205,"column":60}},"50":{"start":{"line":206,"column":14},"end":{"line":206,"column":23}},"51":{"start":{"line":209,"column":12},"end":{"line":216,"column":13}},"52":{"start":{"line":210,"column":14},"end":{"line":210,"column":53}},"53":{"start":{"line":211,"column":14},"end":{"line":211,"column":60}},"54":{"start":{"line":212,"column":14},"end":{"line":212,"column":23}},"55":{"start":{"line":214,"column":14},"end":{"line":214,"column":62}},"56":{"start":{"line":215,"column":14},"end":{"line":215,"column":23}},"57":{"start":{"line":218,"column":10},"end":{"line":223,"column":13}},"58":{"start":{"line":225,"column":10},"end":{"line":225,"column":58}},"59":{"start":{"line":226,"column":10},"end":{"line":228,"column":11}},"60":{"start":{"line":227,"column":12},"end":{"line":227,"column":30}},"61":{"start":{"line":231,"column":6},"end":{"line":231,"column":19}},"62":{"start":{"line":233,"column":6},"end":{"line":236,"column":9}},"63":{"start":{"line":237,"column":6},"end":{"line":237,"column":30}},"64":{"start":{"line":242,"column":0},"end":{"line":242,"column":29}}},"fnMap":{"0":{"name":"(anonymous_0)","decl":{"start":{"line":9,"column":2},"end":{"line":9,"column":3}},"loc":{"start":{"line":9,"column":63},"end":{"line":15,"column":3}},"line":9},"1":{"name":"(anonymous_1)","decl":{"start":{"line":17,"column":2},"end":{"line":17,"column":3}},"loc":{"start":{"line":17,"column":38},"end":{"line":124,"column":3}},"line":17},"2":{"name":"(anonymous_2)","decl":{"start":{"line":84,"column":21},"end":{"line":84,"column":22}},"loc":{"start":{"line":84,"column":39},"end":{"line":108,"column":7}},"line":84},"3":{"name":"(anonymous_3)","decl":{"start":{"line":89,"column":22},"end":{"line":89,"column":23}},"loc":{"start":{"line":89,"column":34},"end":{"line":107,"column":9}},"line":89},"4":{"name":"(anonymous_4)","decl":{"start":{"line":126,"column":2},"end":{"line":126,"column":3}},"loc":{"start":{"line":126,"column":23},"end":{"line":187,"column":3}},"line":126},"5":{"name":"(anonymous_5)","decl":{"start":{"line":189,"column":2},"end":{"line":189,"column":3}},"loc":{"start":{"line":189,"column":27},"end":{"line":239,"column":3}},"line":189}},"branchMap":{"0":{"loc":{"start":{"line":90,"column":10},"end":{"line":106,"column":11}},"type":"if","locations":[{"start":{"line":90,"column":10},"end":{"line":106,"column":11}},{"start":{"line":90,"column":10},"end":{"line":106,"column":11}}],"line":90},"1":{"loc":{"start":{"line":96,"column":12},"end":{"line":103,"column":13}},"type":"if","locations":[{"start":{"line":96,"column":12},"end":{"line":103,"column":13}},{"start":{"line":96,"column":12},"end":{"line":103,"column":13}}],"line":96},"2":{"loc":{"start":{"line":199,"column":10},"end":{"line":217,"column":11}},"type":"if","locations":[{"start":{"line":199,"column":10},"end":{"line":217,"column":11}},{"start":{"line":199,"column":10},"end":{"line":217,"column":11}}],"line":199},"3":{"loc":{"start":{"line":200,"column":12},"end":{"line":207,"column":13}},"type":"if","locations":[{"start":{"line":200,"column":12},"end":{"line":207,"column":13}},{"start":{"line":200,"column":12},"end":{"line":207,"column":13}}],"line":200},"4":{"loc":{"start":{"line":200,"column":16},"end":{"line":200,"column":66}},"type":"binary-expr","locations":[{"start":{"line":200,"column":16},"end":{"line":200,"column":38}},{"start":{"line":200,"column":42},"end":{"line":200,"column":66}}],"line":200},"5":{"loc":{"start":{"line":226,"column":10},"end":{"line":228,"column":11}},"type":"if","locations":[{"start":{"line":226,"column":10},"end":{"line":228,"column":11}},{"start":{"line":226,"column":10},"end":{"line":228,"column":11}}],"line":226}},"s":{"0":2,"1":2,"2":2,"3":2,"4":2,"5":2,"6":2,"7":2,"8":2,"9":2,"10":2,"11":4,"12":4,"13":4,"14":3,"15":3,"16":3,"17":3,"18":3,"19":3,"20":15,"21":15,"22":15,"23":5,"24":10,"25":5,"26":5,"27":3,"28":1,"29":1,"30":2,"31":2,"32":1,"33":1,"34":1,"35":1,"36":1,"37":1,"38":1,"39":1,"40":4,"41":4,"42":4,"43":4,"44":8,"45":8,"46":6,"47":2,"48":1,"49":1,"50":1,"51":4,"52":4,"53":2,"54":2,"55":2,"56":2,"57":1,"58":2,"59":2,"60":1,"61":3,"62":1,"63":1,"64":2},"f":{"0":2,"1":4,"2":15,"3":15,"4":2,"5":4},"b":{"0":[5,10],"1":[5,5],"2":[2,4],"3":[1,1],"4":[2,2],"5":[1,1]},"_coverageSchema":"1a1c01bbd47fc00a2c39e90264f33305004495a9","hash":"759c23dff350bdd40c60c40f64a73c8bc5832f3e"}
,"C:\\Projects\\final-smm-express\\src\\services\\images.service.js": {"path":"C:\\Projects\\final-smm-express\\src\\services\\images.service.js","statementMap":{"0":{"start":{"line":1,"column":19},"end":{"line":1,"column":50}},"1":{"start":{"line":2,"column":15},"end":{"line":2,"column":32}},"2":{"start":{"line":3,"column":13},"end":{"line":3,"column":44}},"3":{"start":{"line":5,"column":0},"end":{"line":5,"column":16}},"4":{"start":{"line":9,"column":4},"end":{"line":9,"column":23}},"5":{"start":{"line":12,"column":4},"end":{"line":22,"column":5}},"6":{"start":{"line":13,"column":21},"end":{"line":13,"column":72}},"7":{"start":{"line":15,"column":6},"end":{"line":15,"column":20}},"8":{"start":{"line":17,"column":6},"end":{"line":20,"column":9}},"9":{"start":{"line":21,"column":6},"end":{"line":21,"column":30}},"10":{"start":{"line":26,"column":4},"end":{"line":40,"column":5}},"11":{"start":{"line":27,"column":21},"end":{"line":31,"column":8}},"12":{"start":{"line":33,"column":6},"end":{"line":33,"column":20}},"13":{"start":{"line":35,"column":6},"end":{"line":38,"column":9}},"14":{"start":{"line":39,"column":6},"end":{"line":39,"column":30}},"15":{"start":{"line":44,"column":0},"end":{"line":44,"column":31}}},"fnMap":{"0":{"name":"(anonymous_0)","decl":{"start":{"line":8,"column":2},"end":{"line":8,"column":3}},"loc":{"start":{"line":8,"column":21},"end":{"line":10,"column":3}},"line":8},"1":{"name":"(anonymous_1)","decl":{"start":{"line":11,"column":2},"end":{"line":11,"column":3}},"loc":{"start":{"line":11,"column":32},"end":{"line":23,"column":3}},"line":11},"2":{"name":"(anonymous_2)","decl":{"start":{"line":25,"column":2},"end":{"line":25,"column":3}},"loc":{"start":{"line":25,"column":27},"end":{"line":41,"column":3}},"line":25}},"branchMap":{},"s":{"0":2,"1":2,"2":2,"3":2,"4":2,"5":2,"6":2,"7":1,"8":1,"9":1,"10":2,"11":2,"12":1,"13":1,"14":1,"15":2},"f":{"0":2,"1":2,"2":2},"b":{},"_coverageSchema":"1a1c01bbd47fc00a2c39e90264f33305004495a9","hash":"dea77ddc034d5b00f89fbec0f73a019085181c96"}
,"C:\\Projects\\final-smm-express\\src\\services\\user.service.js": {"path":"C:\\Projects\\final-smm-express\\src\\services\\user.service.js","statementMap":{"0":{"start":{"line":1,"column":18},"end":{"line":1,"column":38}},"1":{"start":{"line":2,"column":11},"end":{"line":2,"column":23}},"2":{"start":{"line":3,"column":19},"end":{"line":3,"column":50}},"3":{"start":{"line":4,"column":19},"end":{"line":4,"column":56}},"4":{"start":{"line":5,"column":14},"end":{"line":5,"column":46}},"5":{"start":{"line":6,"column":15},"end":{"line":6,"column":48}},"6":{"start":{"line":7,"column":18},"end":{"line":7,"column":50}},"7":{"start":{"line":8,"column":19},"end":{"line":8,"column":56}},"8":{"start":{"line":12,"column":4},"end":{"line":12,"column":21}},"9":{"start":{"line":13,"column":4},"end":{"line":40,"column":6}},"10":{"start":{"line":41,"column":4},"end":{"line":50,"column":6}},"11":{"start":{"line":53,"column":4},"end":{"line":87,"column":5}},"12":{"start":{"line":54,"column":21},"end":{"line":79,"column":8}},"13":{"start":{"line":80,"column":6},"end":{"line":80,"column":20}},"14":{"start":{"line":82,"column":6},"end":{"line":85,"column":9}},"15":{"start":{"line":86,"column":6},"end":{"line":86,"column":30}},"16":{"start":{"line":91,"column":4},"end":{"line":104,"column":5}},"17":{"start":{"line":92,"column":21},"end":{"line":96,"column":8}},"18":{"start":{"line":97,"column":6},"end":{"line":97,"column":20}},"19":{"start":{"line":99,"column":6},"end":{"line":102,"column":9}},"20":{"start":{"line":103,"column":6},"end":{"line":103,"column":30}},"21":{"start":{"line":108,"column":4},"end":{"line":122,"column":5}},"22":{"start":{"line":109,"column":21},"end":{"line":113,"column":8}},"23":{"start":{"line":115,"column":6},"end":{"line":115,"column":20}},"24":{"start":{"line":117,"column":6},"end":{"line":120,"column":9}},"25":{"start":{"line":121,"column":6},"end":{"line":121,"column":30}},"26":{"start":{"line":126,"column":4},"end":{"line":139,"column":5}},"27":{"start":{"line":127,"column":21},"end":{"line":131,"column":8}},"28":{"start":{"line":132,"column":6},"end":{"line":132,"column":20}},"29":{"start":{"line":134,"column":6},"end":{"line":137,"column":9}},"30":{"start":{"line":138,"column":6},"end":{"line":138,"column":30}},"31":{"start":{"line":143,"column":4},"end":{"line":199,"column":5}},"32":{"start":{"line":144,"column":21},"end":{"line":190,"column":8}},"33":{"start":{"line":192,"column":6},"end":{"line":192,"column":20}},"34":{"start":{"line":194,"column":6},"end":{"line":197,"column":9}},"35":{"start":{"line":198,"column":6},"end":{"line":198,"column":30}},"36":{"start":{"line":203,"column":4},"end":{"line":213,"column":5}},"37":{"start":{"line":204,"column":21},"end":{"line":204,"column":49}},"38":{"start":{"line":206,"column":6},"end":{"line":206,"column":20}},"39":{"start":{"line":208,"column":6},"end":{"line":211,"column":9}},"40":{"start":{"line":212,"column":6},"end":{"line":212,"column":30}},"41":{"start":{"line":217,"column":4},"end":{"line":227,"column":5}},"42":{"start":{"line":218,"column":21},"end":{"line":218,"column":72}},"43":{"start":{"line":220,"column":6},"end":{"line":220,"column":23}},"44":{"start":{"line":222,"column":6},"end":{"line":225,"column":9}},"45":{"start":{"line":226,"column":6},"end":{"line":226,"column":30}},"46":{"start":{"line":231,"column":4},"end":{"line":241,"column":5}},"47":{"start":{"line":232,"column":21},"end":{"line":232,"column":67}},"48":{"start":{"line":234,"column":6},"end":{"line":234,"column":20}},"49":{"start":{"line":236,"column":6},"end":{"line":239,"column":9}},"50":{"start":{"line":240,"column":6},"end":{"line":240,"column":30}},"51":{"start":{"line":244,"column":0},"end":{"line":244,"column":29}}},"fnMap":{"0":{"name":"(anonymous_0)","decl":{"start":{"line":11,"column":2},"end":{"line":11,"column":3}},"loc":{"start":{"line":11,"column":20},"end":{"line":51,"column":3}},"line":11},"1":{"name":"(anonymous_1)","decl":{"start":{"line":52,"column":2},"end":{"line":52,"column":3}},"loc":{"start":{"line":52,"column":19},"end":{"line":88,"column":3}},"line":52},"2":{"name":"(anonymous_2)","decl":{"start":{"line":90,"column":2},"end":{"line":90,"column":3}},"loc":{"start":{"line":90,"column":22},"end":{"line":105,"column":3}},"line":90},"3":{"name":"(anonymous_3)","decl":{"start":{"line":107,"column":2},"end":{"line":107,"column":3}},"loc":{"start":{"line":107,"column":25},"end":{"line":123,"column":3}},"line":107},"4":{"name":"(anonymous_4)","decl":{"start":{"line":125,"column":2},"end":{"line":125,"column":3}},"loc":{"start":{"line":125,"column":24},"end":{"line":140,"column":3}},"line":125},"5":{"name":"(anonymous_5)","decl":{"start":{"line":142,"column":2},"end":{"line":142,"column":3}},"loc":{"start":{"line":142,"column":41},"end":{"line":200,"column":3}},"line":142},"6":{"name":"(anonymous_6)","decl":{"start":{"line":202,"column":2},"end":{"line":202,"column":3}},"loc":{"start":{"line":202,"column":25},"end":{"line":214,"column":3}},"line":202},"7":{"name":"(anonymous_7)","decl":{"start":{"line":216,"column":2},"end":{"line":216,"column":3}},"loc":{"start":{"line":216,"column":29},"end":{"line":228,"column":3}},"line":216},"8":{"name":"(anonymous_8)","decl":{"start":{"line":230,"column":2},"end":{"line":230,"column":3}},"loc":{"start":{"line":230,"column":23},"end":{"line":242,"column":3}},"line":230}},"branchMap":{},"s":{"0":2,"1":2,"2":2,"3":2,"4":2,"5":2,"6":2,"7":2,"8":2,"9":2,"10":2,"11":2,"12":2,"13":1,"14":1,"15":1,"16":2,"17":2,"18":1,"19":1,"20":1,"21":2,"22":2,"23":1,"24":1,"25":1,"26":2,"27":2,"28":1,"29":1,"30":1,"31":2,"32":2,"33":1,"34":1,"35":1,"36":2,"37":2,"38":1,"39":1,"40":1,"41":2,"42":2,"43":1,"44":1,"45":1,"46":2,"47":2,"48":1,"49":1,"50":1,"51":2},"f":{"0":2,"1":2,"2":2,"3":2,"4":2,"5":2,"6":2,"7":2,"8":2},"b":{},"_coverageSchema":"1a1c01bbd47fc00a2c39e90264f33305004495a9","hash":"38518eea7157b22fa8e1556cd4b3b067804060a7"}
}
