TN:
SF:config\dbConn.js
FNF:0
FNH:0
DA:1,9
DA:2,9
DA:3,9
DA:4,9
DA:7,9
DA:8,0
DA:10,9
DA:22,9
LF:8
LH:7
BRDA:7,0,0,0
BRDA:7,0,1,9
BRF:2
BRH:1
end_of_record
TN:
SF:src\controllers\admin.controller.js
FN:1,(anonymous_0)
FNF:1
FNH:1
FNDA:7,(anonymous_0)
DA:1,1
DA:2,7
DA:3,7
DA:4,7
DA:7,7
DA:9,1
DA:10,1
DA:13,1
DA:14,1
DA:17,1
DA:18,1
DA:21,3
DA:22,1
DA:23,1
DA:26,1
DA:27,0
DA:29,4
DA:30,4
DA:33,3
DA:34,3
DA:38,1
LF:21
LH:20
BRDA:7,0,0,1
BRDA:7,0,1,1
BRDA:7,0,2,1
BRDA:7,0,3,3
BRDA:7,0,4,1
BRDA:21,1,0,2
BRDA:21,1,1,1
BRDA:29,2,0,4
BRDA:29,2,1,0
BRF:9
BRH:8
end_of_record
TN:
SF:src\controllers\attendance.controller.js
FN:1,(anonymous_0)
FN:32,(anonymous_1)
FNF:2
FNH:2
FNDA:4,(anonymous_0)
FNDA:11,(anonymous_1)
DA:1,1
DA:2,4
DA:3,4
DA:4,4
DA:5,4
DA:7,4
DA:9,1
DA:11,1
DA:12,1
DA:13,1
DA:16,3
DA:18,2
DA:19,1
DA:20,1
DA:22,1
DA:24,2
DA:27,1
DA:28,1
DA:32,1
DA:33,11
DA:34,11
DA:35,11
DA:36,11
DA:37,11
DA:38,11
DA:41,11
DA:42,11
DA:44,3
DA:45,1
DA:46,2
DA:49,2
DA:50,1
DA:51,1
DA:54,2
DA:55,1
DA:56,1
DA:59,3
DA:60,2
DA:66,1
DA:67,1
DA:70,1
DA:71,0
DA:74,5
DA:75,4
DA:76,4
DA:78,1
DA:79,1
DA:82,6
DA:83,6
DA:87,1
LF:50
LH:49
BRDA:7,0,0,1
BRDA:7,0,1,3
BRDA:18,1,0,1
BRDA:18,1,1,1
BRDA:41,2,0,3
BRDA:41,2,1,8
BRDA:42,3,0,3
BRDA:42,3,1,2
BRDA:42,3,2,2
BRDA:42,3,3,3
BRDA:42,3,4,1
BRDA:44,4,0,2
BRDA:44,4,1,1
BRDA:49,5,0,1
BRDA:49,5,1,1
BRDA:54,6,0,1
BRDA:54,6,1,1
BRDA:59,7,0,2
BRDA:59,7,1,1
BRDA:59,8,0,3
BRDA:59,8,1,2
BRDA:74,9,0,4
BRDA:74,9,1,1
BRF:23
BRH:23
end_of_record
TN:
SF:src\controllers\auth.controller.js
FN:1,(anonymous_0)
FNF:1
FNH:1
FNDA:3,(anonymous_0)
DA:1,1
DA:2,3
DA:3,3
DA:4,3
DA:6,2
DA:7,1
DA:8,1
DA:10,1
DA:11,1
DA:14,1
DA:15,1
DA:19,1
LF:12
LH:12
BRDA:6,0,0,1
BRDA:6,0,1,1
BRF:2
BRH:2
end_of_record
TN:
SF:src\controllers\dump.controller.js
FN:1,(anonymous_0)
FN:12,(anonymous_1)
FN:24,(anonymous_2)
FNF:3
FNH:3
FNDA:2,(anonymous_0)
FNDA:2,(anonymous_1)
FNDA:2,(anonymous_2)
DA:1,1
DA:2,2
DA:3,2
DA:5,1
DA:7,1
DA:8,1
DA:12,1
DA:13,2
DA:14,2
DA:15,2
DA:17,1
DA:19,1
DA:20,1
DA:24,1
DA:25,2
DA:26,2
DA:27,2
DA:28,1
DA:30,1
DA:31,1
DA:35,1
LF:21
LH:21
BRF:0
BRH:0
end_of_record
TN:
SF:src\controllers\images.controller.js
FN:1,(anonymous_0)
FN:15,(anonymous_1)
FNF:2
FNH:2
FNDA:2,(anonymous_0)
FNDA:2,(anonymous_1)
DA:1,1
DA:2,2
DA:3,2
DA:4,2
DA:5,2
DA:7,1
DA:10,1
DA:11,1
DA:15,1
DA:16,2
DA:17,2
DA:18,2
DA:20,1
DA:22,1
DA:23,1
DA:27,1
LF:16
LH:16
BRF:0
BRH:0
end_of_record
TN:
SF:src\controllers\user.controller.js
FN:1,(anonymous_0)
FN:13,(anonymous_1)
FN:25,(anonymous_2)
FN:42,(anonymous_3)
FN:80,(anonymous_4)
FNF:5
FNH:5
FNDA:2,(anonymous_0)
FNDA:2,(anonymous_1)
FNDA:3,(anonymous_2)
FNDA:6,(anonymous_3)
FNDA:3,(anonymous_4)
DA:1,1
DA:2,2
DA:3,2
DA:5,1
DA:6,1
DA:8,1
DA:9,1
DA:13,1
DA:14,2
DA:15,2
DA:16,2
DA:18,1
DA:20,1
DA:21,1
DA:25,1
DA:26,3
DA:27,3
DA:28,3
DA:29,3
DA:30,2
DA:32,1
DA:34,1
DA:37,1
DA:38,1
DA:42,1
DA:43,6
DA:44,6
DA:45,6
DA:46,6
DA:49,6
DA:50,6
DA:52,1
DA:53,1
DA:56,1
DA:57,1
DA:60,3
DA:61,2
DA:64,1
DA:65,1
DA:68,5
DA:69,4
DA:70,4
DA:72,1
DA:75,1
DA:76,1
DA:80,1
DA:81,3
DA:82,3
DA:83,3
DA:84,2
DA:86,1
DA:88,1
DA:91,1
DA:92,1
DA:96,1
LF:55
LH:55
BRDA:29,0,0,2
BRDA:29,0,1,1
BRDA:49,1,0,5
BRDA:49,1,1,1
BRDA:50,2,0,1
BRDA:50,2,1,1
BRDA:50,2,2,3
BRDA:50,2,3,1
BRDA:68,3,0,4
BRDA:68,3,1,1
BRDA:83,4,0,2
BRDA:83,4,1,1
BRF:12
BRH:12
end_of_record
TN:
SF:src\events\logEmitter.js
FNF:0
FNH:0
DA:1,12
DA:2,12
DA:4,12
LF:3
LH:3
BRF:0
BRH:0
end_of_record
TN:
SF:src\models\attendance.model.js
FNF:0
FNH:0
DA:1,5
DA:2,5
DA:4,5
DA:32,5
LF:4
LH:4
BRF:0
BRH:0
end_of_record
TN:
SF:src\models\btype.model.js
FNF:0
FNH:0
DA:1,5
DA:2,5
DA:4,5
DA:26,5
LF:4
LH:4
BRF:0
BRH:0
end_of_record
TN:
SF:src\models\department.model.js
FNF:0
FNH:0
DA:1,4
DA:2,4
DA:4,4
DA:31,4
LF:4
LH:4
BRF:0
BRH:0
end_of_record
TN:
SF:src\models\gender.model.js
FNF:0
FNH:0
DA:1,4
DA:2,4
DA:4,4
DA:27,4
LF:4
LH:4
BRF:0
BRH:0
end_of_record
TN:
SF:src\models\image.model.js
FNF:0
FNH:0
DA:1,3
DA:2,3
DA:4,3
DA:28,3
LF:4
LH:4
BRF:0
BRH:0
end_of_record
TN:
SF:src\models\user.model.js
FNF:0
FNH:0
DA:1,6
DA:2,6
DA:4,6
DA:61,6
LF:4
LH:4
BRF:0
BRH:0
end_of_record
TN:
SF:src\services\admin.service.js
FN:3,(anonymous_0)
FN:10,(anonymous_1)
FN:26,(anonymous_2)
FN:42,(anonymous_3)
FN:58,(anonymous_4)
FNF:5
FNH:5
FNDA:2,(anonymous_0)
FNDA:2,(anonymous_1)
FNDA:2,(anonymous_2)
FNDA:2,(anonymous_3)
FNDA:2,(anonymous_4)
DA:1,2
DA:4,2
DA:5,2
DA:6,2
DA:7,2
DA:11,2
DA:12,2
DA:16,1
DA:18,1
DA:22,1
DA:27,2
DA:28,2
DA:32,1
DA:34,1
DA:38,1
DA:43,2
DA:44,2
DA:48,1
DA:50,1
DA:54,1
DA:59,2
DA:60,2
DA:70,1
DA:72,1
DA:76,1
DA:81,2
LF:26
LH:26
BRF:0
BRH:0
end_of_record
TN:
SF:src\services\attendance.service.js
FN:13,(anonymous_0)
FN:17,(anonymous_1)
FN:40,(anonymous_2)
FN:61,(anonymous_3)
FN:91,(anonymous_4)
FN:118,(anonymous_5)
FN:136,(anonymous_6)
FNF:7
FNH:7
FNDA:2,(anonymous_0)
FNDA:2,(anonymous_1)
FNDA:2,(anonymous_2)
FNDA:2,(anonymous_3)
FNDA:2,(anonymous_4)
FNDA:2,(anonymous_5)
FNDA:2,(anonymous_6)
DA:1,2
DA:2,2
DA:3,2
DA:4,2
DA:8,2
DA:9,2
DA:11,2
DA:14,2
DA:18,2
DA:19,2
DA:30,1
DA:32,1
DA:36,1
DA:41,2
DA:42,2
DA:51,1
DA:53,1
DA:57,1
DA:62,2
DA:63,2
DA:81,1
DA:83,1
DA:87,1
DA:92,2
DA:93,2
DA:108,1
DA:110,1
DA:114,1
DA:119,2
DA:120,2
DA:126,1
DA:128,1
DA:132,1
DA:137,2
DA:138,2
DA:153,1
DA:155,1
DA:159,1
DA:164,2
LF:39
LH:39
BRF:0
BRH:0
end_of_record
TN:
SF:src\services\auth.service.js
FN:8,(anonymous_0)
FN:12,(anonymous_1)
FNF:2
FNH:2
FNDA:2,(anonymous_0)
FNDA:4,(anonymous_1)
DA:1,2
DA:2,2
DA:3,2
DA:4,2
DA:6,2
DA:9,2
DA:13,4
DA:14,4
DA:15,4
DA:17,3
DA:18,2
DA:19,2
DA:22,1
DA:26,1
DA:35,1
DA:38,1
DA:40,3
DA:42,1
DA:46,1
DA:51,2
LF:20
LH:20
BRDA:17,0,0,2
BRDA:17,0,1,1
BRDA:19,1,0,1
BRDA:19,1,1,1
BRF:4
BRH:4
end_of_record
TN:
SF:src\services\dump.service.js
FN:9,(anonymous_0)
FN:17,(anonymous_1)
FN:84,(anonymous_2)
FN:89,(anonymous_3)
FN:126,(anonymous_4)
FN:189,(anonymous_5)
FNF:6
FNH:6
FNDA:2,(anonymous_0)
FNDA:4,(anonymous_1)
FNDA:15,(anonymous_2)
FNDA:15,(anonymous_3)
FNDA:2,(anonymous_4)
FNDA:4,(anonymous_5)
DA:1,2
DA:2,2
DA:3,2
DA:4,2
DA:5,2
DA:7,2
DA:10,2
DA:11,2
DA:12,2
DA:13,2
DA:14,2
DA:18,4
DA:34,4
DA:35,4
DA:39,3
DA:57,3
DA:69,3
DA:73,3
DA:77,3
DA:84,3
DA:85,15
DA:89,15
DA:90,15
DA:94,5
DA:96,10
DA:100,5
DA:102,5
DA:110,3
DA:118,1
DA:122,1
DA:127,2
DA:128,2
DA:131,1
DA:148,1
DA:159,1
DA:162,1
DA:165,1
DA:173,1
DA:181,1
DA:185,1
DA:190,4
DA:191,4
DA:192,4
DA:193,8
DA:194,8
DA:199,6
DA:200,2
DA:201,1
DA:205,1
DA:206,1
DA:209,4
DA:210,4
DA:211,2
DA:212,2
DA:214,2
DA:215,2
DA:218,1
DA:225,2
DA:226,2
DA:227,1
DA:231,3
DA:233,1
DA:237,1
DA:242,2
LF:64
LH:64
BRDA:90,0,0,5
BRDA:90,0,1,10
BRDA:96,1,0,5
BRDA:96,1,1,5
BRDA:199,2,0,2
BRDA:199,2,1,4
BRDA:200,3,0,1
BRDA:200,3,1,1
BRDA:200,4,0,2
BRDA:200,4,1,2
BRDA:226,5,0,1
BRDA:226,5,1,1
BRF:12
BRH:12
end_of_record
TN:
SF:src\services\images.service.js
FN:8,(anonymous_0)
FN:11,(anonymous_1)
FN:25,(anonymous_2)
FNF:3
FNH:3
FNDA:2,(anonymous_0)
FNDA:2,(anonymous_1)
FNDA:2,(anonymous_2)
DA:1,2
DA:2,2
DA:3,2
DA:5,2
DA:9,2
DA:12,2
DA:13,2
DA:15,1
DA:17,1
DA:21,1
DA:26,2
DA:27,2
DA:33,1
DA:35,1
DA:39,1
DA:44,2
LF:16
LH:16
BRF:0
BRH:0
end_of_record
TN:
SF:src\services\user.service.js
FN:11,(anonymous_0)
FN:52,(anonymous_1)
FN:90,(anonymous_2)
FN:107,(anonymous_3)
FN:125,(anonymous_4)
FN:142,(anonymous_5)
FN:202,(anonymous_6)
FN:216,(anonymous_7)
FN:230,(anonymous_8)
FNF:9
FNH:9
FNDA:2,(anonymous_0)
FNDA:2,(anonymous_1)
FNDA:2,(anonymous_2)
FNDA:2,(anonymous_3)
FNDA:2,(anonymous_4)
FNDA:2,(anonymous_5)
FNDA:2,(anonymous_6)
FNDA:2,(anonymous_7)
FNDA:2,(anonymous_8)
DA:1,2
DA:2,2
DA:3,2
DA:4,2
DA:5,2
DA:6,2
DA:7,2
DA:8,2
DA:12,2
DA:13,2
DA:41,2
DA:53,2
DA:54,2
DA:80,1
DA:82,1
DA:86,1
DA:91,2
DA:92,2
DA:97,1
DA:99,1
DA:103,1
DA:108,2
DA:109,2
DA:115,1
DA:117,1
DA:121,1
DA:126,2
DA:127,2
DA:132,1
DA:134,1
DA:138,1
DA:143,2
DA:144,2
DA:192,1
DA:194,1
DA:198,1
DA:203,2
DA:204,2
DA:206,1
DA:208,1
DA:212,1
DA:217,2
DA:218,2
DA:220,1
DA:222,1
DA:226,1
DA:231,2
DA:232,2
DA:234,1
DA:236,1
DA:240,1
DA:244,2
LF:52
LH:52
BRF:0
BRH:0
end_of_record
